\BOOKMARK [0][-]{chapter.1}{\376\377\000K\000e\000y\000\040\000c\000a\000p\000a\000b\000i\000l\000i\000t\000i\000e\000s}{}% 1
\BOOKMARK [1][-]{section.1.1}{\376\377\000I\000n\000s\000t\000a\000l\000l\000a\000t\000i\000o\000n}{chapter.1}% 2
\BOOKMARK [2][-]{subsection.1.1.1}{\376\377\0001\000.\000\040\000C\000r\000e\000a\000t\000e\000\040\000a\000n\000d\000\040\000a\000c\000t\000i\000v\000a\000t\000e\000\040\000t\000h\000e\000\040\000e\000n\000v\000i\000r\000o\000n\000m\000e\000n\000t}{section.1.1}% 3
\BOOKMARK [2][-]{subsection.1.1.2}{\376\377\0002\000.\000\040\000I\000n\000s\000t\000a\000l\000l\000\040\000o\000r\000\040\000u\000p\000g\000r\000a\000d\000e\000\040\000w\000a\000s\000s\0002\000s}{section.1.1}% 4
\BOOKMARK [2][-]{subsection.1.1.3}{\376\377\0003\000.\000\040\000C\000o\000n\000f\000i\000g\000u\000r\000e\000\040\000t\000h\000e\000\040\000C\000D\000S\000\040\000A\000P\000I\000\040\000\050\000r\000e\000q\000u\000i\000r\000e\000d\000\040\000f\000o\000r\000\040\000E\000R\000A\0005\000\040\000a\000n\000d\000\040\000C\0003\000S\000\040\000d\000a\000t\000a\000\051}{section.1.1}% 5
\BOOKMARK [2][-]{subsection.1.1.4}{\376\377\0004\000.\000\040\000V\000e\000r\000i\000f\000y\000\040\000t\000h\000e\000\040\000i\000n\000s\000t\000a\000l\000l\000a\000t\000i\000o\000n}{section.1.1}% 6
\BOOKMARK [1][-]{section.1.2}{\376\377\000Q\000u\000i\000c\000k\000\040\000S\000t\000a\000r\000t}{chapter.1}% 7
\BOOKMARK [2][-]{subsection.1.2.1}{\376\377\000P\000r\000e\000r\000e\000q\000u\000i\000s\000i\000t\000e\000s}{section.1.2}% 8
\BOOKMARK [2][-]{subsection.1.2.2}{\376\377\000S\000t\000e\000p\000\040\0001\000\040\040\024\000\040\000D\000o\000w\000n\000l\000o\000a\000d\000\040\000d\000a\000t\000a}{section.1.2}% 9
\BOOKMARK [2][-]{subsection.1.2.3}{\376\377\000S\000t\000e\000p\000\040\0002\000\040\040\024\000\040\000P\000r\000e\000p\000a\000r\000e\000\040\000p\000r\000e\000d\000i\000c\000t\000o\000r\000s\000\040\000a\000n\000d\000\040\000p\000r\000e\000d\000i\000c\000t\000a\000n\000d}{section.1.2}% 10
\BOOKMARK [2][-]{subsection.1.2.4}{\376\377\000S\000t\000e\000p\000\040\0003\000\040\040\024\000\040\000C\000r\000o\000s\000s\000-\000v\000a\000l\000i\000d\000a\000t\000e\000\040\000a\000\040\000R\000i\000d\000g\000e\000\040\000r\000e\000g\000r\000e\000s\000s\000i\000o\000n\000\040\000m\000o\000d\000e\000l}{section.1.2}% 11
\BOOKMARK [2][-]{subsection.1.2.5}{\376\377\000S\000t\000e\000p\000\040\0004\000\040\040\024\000\040\000V\000e\000r\000i\000f\000y\000\040\000t\000h\000e\000\040\000h\000i\000n\000d\000c\000a\000s\000t}{section.1.2}% 12
\BOOKMARK [2][-]{subsection.1.2.6}{\376\377\000S\000t\000e\000p\000\040\0005\000\040\040\024\000\040\000O\000p\000e\000r\000a\000t\000i\000o\000n\000a\000l\000\040\000f\000o\000r\000e\000c\000a\000s\000t\000\040\000f\000o\000r\000\040\000t\000h\000e\000\040\000t\000a\000r\000g\000e\000t\000\040\000y\000e\000a\000r}{section.1.2}% 13
\BOOKMARK [1][-]{section.1.3}{\376\377\000D\000a\000t\000a\000\040\000D\000o\000w\000n\000l\000o\000a\000d}{chapter.1}% 14
\BOOKMARK [2][-]{subsection.1.3.1}{\376\377\0001\000.\000\040\000S\000e\000a\000s\000o\000n\000a\000l\000\040\000G\000C\000M\000\040\000F\000o\000r\000e\000c\000a\000s\000t\000s}{section.1.3}% 15
\BOOKMARK [3][-]{subsubsection*.3}{\376\377\000M\000o\000n\000t\000h\000l\000y\000\040\000G\000C\000M\000\040\000D\000a\000t\000a}{subsection.1.3.1}% 16
\BOOKMARK [3][-]{subsubsection*.4}{\376\377\000D\000a\000i\000l\000y\000\040\000G\000C\000M\000\040\000D\000a\000t\000a}{subsection.1.3.1}% 17
\BOOKMARK [2][-]{subsection.1.3.2}{\376\377\0002\000.\000\040\000R\000e\000a\000n\000a\000l\000y\000s\000i\000s\000\040\000D\000a\000t\000a}{section.1.3}% 18
\BOOKMARK [3][-]{subsubsection*.5}{\376\377\000E\000R\000A\0005\000\040\000a\000n\000d\000\040\000E\000R\000S\000S\000T}{subsection.1.3.2}% 19
\BOOKMARK [3][-]{subsubsection*.6}{\376\377\000E\000R\000A\0005\000-\000L\000a\000n\000d}{subsection.1.3.2}% 20
\BOOKMARK [2][-]{subsection.1.3.3}{\376\377\0003\000.\000\040\000O\000b\000s\000e\000r\000v\000a\000t\000i\000o\000n\000a\000l\000\040\000D\000a\000t\000a}{section.1.3}% 21
\BOOKMARK [3][-]{subsubsection*.7}{\376\377\000A\000g\000E\000R\000A\0005\000\040\000A\000g\000r\000o\000-\000C\000l\000i\000m\000a\000t\000i\000c\000\040\000I\000n\000d\000i\000c\000a\000t\000o\000r\000s}{subsection.1.3.3}% 22
\BOOKMARK [3][-]{subsubsection*.8}{\376\377\000C\000H\000I\000R\000P\000S\000\040\000P\000r\000e\000c\000i\000p\000i\000t\000a\000t\000i\000o\000n}{subsection.1.3.3}% 23
\BOOKMARK [3][-]{subsubsection*.9}{\376\377\000T\000A\000M\000S\000A\000T\000\040\000P\000r\000e\000c\000i\000p\000i\000t\000a\000t\000i\000o\000n}{subsection.1.3.3}% 24
\BOOKMARK [1][-]{section.1.4}{\376\377\000P\000r\000e\000p\000r\000o\000c\000e\000s\000s\000i\000n\000g}{chapter.1}% 25
\BOOKMARK [2][-]{subsection.1.4.1}{\376\377\000I\000n\000p\000u\000t\000\040\000d\000a\000t\000a\000\040\000f\000o\000r\000m\000a\000t\000\040\000c\000o\000n\000v\000e\000n\000t\000i\000o\000n\000s}{section.1.4}% 26
\BOOKMARK [2][-]{subsection.1.4.2}{\376\377\000C\000o\000m\000p\000u\000t\000i\000n\000g\000\040\000A\000g\000r\000o\000c\000l\000i\000m\000a\000t\000i\000c\000\040\000P\000r\000e\000d\000i\000c\000t\000a\000n\000d\000s}{section.1.4}% 27
\BOOKMARK [3][-]{subsubsection*.12}{\376\377\000O\000n\000s\000e\000t\000\040\000o\000f\000\040\000t\000h\000e\000\040\000r\000a\000i\000n\000y\000\040\000s\000e\000a\000s\000o\000n}{subsection.1.4.2}% 28
\BOOKMARK [3][-]{subsubsection*.13}{\376\377\000C\000e\000s\000s\000a\000t\000i\000o\000n\000\040\000o\000f\000\040\000t\000h\000e\000\040\000r\000a\000i\000n\000y\000\040\000s\000e\000a\000s\000o\000n}{subsection.1.4.2}% 29
\BOOKMARK [3][-]{subsubsection*.14}{\376\377\000D\000r\000y\000\040\000a\000n\000d\000\040\000w\000e\000t\000\040\000s\000p\000e\000l\000l\000\040\000a\000n\000a\000l\000y\000s\000i\000s}{subsection.1.4.2}% 30
\BOOKMARK [3][-]{subsubsection*.15}{\376\377\000E\000T\000C\000C\000D\000I\000\040\000t\000e\000m\000p\000e\000r\000a\000t\000u\000r\000e\000\040\000e\000x\000t\000r\000e\000m\000e\000s}{subsection.1.4.2}% 31
\BOOKMARK [3][-]{subsubsection*.16}{\376\377\000E\000T\000C\000C\000D\000I\000\040\000p\000r\000e\000c\000i\000p\000i\000t\000a\000t\000i\000o\000n\000\040\000e\000x\000t\000r\000e\000m\000e\000s}{subsection.1.4.2}% 32
\BOOKMARK [2][-]{subsection.1.4.3}{\376\377\000M\000e\000r\000g\000i\000n\000g\000\040\000G\000r\000i\000d\000d\000e\000d\000\040\000D\000a\000t\000a\000\040\000w\000i\000t\000h\000\040\000S\000t\000a\000t\000i\000o\000n\000\040\000O\000b\000s\000e\000r\000v\000a\000t\000i\000o\000n\000s}{section.1.4}% 33
\BOOKMARK [3][-]{subsubsection*.17}{\376\377\000A\000v\000a\000i\000l\000a\000b\000l\000e\000\040\000m\000e\000r\000g\000i\000n\000g\000\040\000m\000e\000t\000h\000o\000d\000s}{subsection.1.4.3}% 34
\BOOKMARK [3][-]{subsubsection*.18}{\376\377\000V\000i\000s\000u\000a\000l\000i\000s\000i\000n\000g\000\040\000t\000h\000e\000\040\000c\000o\000r\000r\000e\000c\000t\000i\000o\000n}{subsection.1.4.3}% 35
\BOOKMARK [2][-]{subsection.1.4.4}{\376\377\000B\000i\000a\000s\000\040\000C\000o\000r\000r\000e\000c\000t\000i\000o\000n}{section.1.4}% 36
\BOOKMARK [3][-]{subsubsection*.19}{\376\377\000P\000r\000e\000c\000i\000p\000i\000t\000a\000t\000i\000o\000n\000\040\040\024\000\040\000W\000A\000S\000\137\000Q\000m\000a\000p}{subsection.1.4.4}% 37
\BOOKMARK [3][-]{subsubsection*.20}{\376\377\000C\000o\000n\000t\000i\000n\000u\000o\000u\000s\000\040\000v\000a\000r\000i\000a\000b\000l\000e\000s\000\040\040\024\000\040\000W\000A\000S\000\137\000b\000i\000a\000s\000\137\000c\000o\000r\000r\000e\000c\000t\000i\000o\000n}{subsection.1.4.4}% 38
\BOOKMARK [2][-]{subsection.1.4.5}{\376\377\000D\000a\000t\000a\000\040\000T\000r\000a\000n\000s\000f\000o\000r\000m\000a\000t\000i\000o\000n\000\040\000a\000n\000d\000\040\000D\000i\000s\000t\000r\000i\000b\000u\000t\000i\000o\000n\000\040\000F\000i\000t\000t\000i\000n\000g}{section.1.4}% 39
\BOOKMARK [3][-]{subsubsection*.21}{\376\377\000S\000k\000e\000w\000n\000e\000s\000s\000\040\000a\000n\000a\000l\000y\000s\000i\000s}{subsection.1.4.5}% 40
\BOOKMARK [3][-]{subsubsection*.22}{\376\377\000A\000p\000p\000l\000y\000i\000n\000g\000\040\000a\000n\000d\000\040\000i\000n\000v\000e\000r\000t\000i\000n\000g\000\040\000t\000r\000a\000n\000s\000f\000o\000r\000m\000a\000t\000i\000o\000n\000s}{subsection.1.4.5}% 41
\BOOKMARK [3][-]{subsubsection*.23}{\376\377\000D\000i\000s\000t\000r\000i\000b\000u\000t\000i\000o\000n\000\040\000f\000i\000t\000t\000i\000n\000g}{subsection.1.4.5}% 42
\BOOKMARK [1][-]{section.1.5}{\376\377\000M\000o\000d\000e\000l\000s\000\040\000a\000n\000d\000\040\000C\000r\000o\000s\000s\000-\000V\000a\000l\000i\000d\000a\000t\000i\000o\000n}{chapter.1}% 43
\BOOKMARK [2][-]{subsection.1.5.1}{\376\377\000L\000i\000n\000e\000a\000r\000\040\000R\000e\000g\000r\000e\000s\000s\000i\000o\000n\000\040\000M\000o\000d\000e\000l\000s}{section.1.5}% 44
\BOOKMARK [3][-]{subsubsection*.24}{\376\377\000O\000r\000d\000i\000n\000a\000r\000y\000\040\000L\000e\000a\000s\000t\000\040\000S\000q\000u\000a\000r\000e\000s\000\040\040\024\000\040\000W\000A\000S\000\137\000L\000i\000n\000e\000a\000r\000R\000e\000g\000r\000e\000s\000s\000i\000o\000n\000\137\000M\000o\000d\000e\000l}{subsection.1.5.1}% 45
\BOOKMARK [3][-]{subsubsection*.25}{\376\377\000R\000i\000d\000g\000e\000\040\040\024\000\040\000W\000A\000S\000\137\000R\000i\000d\000g\000e\000\137\000M\000o\000d\000e\000l}{subsection.1.5.1}% 46
\BOOKMARK [3][-]{subsubsection*.26}{\376\377\000L\000a\000s\000s\000o\000\040\000a\000n\000d\000\040\000L\000a\000s\000s\000o\000L\000a\000r\000s\000\040\040\024\000\040\000W\000A\000S\000\137\000L\000a\000s\000s\000o\000\137\000M\000o\000d\000e\000l\000,\000\040\000W\000A\000S\000\137\000L\000a\000s\000s\000o\000L\000a\000r\000s\000\137\000M\000o\000d\000e\000l}{subsection.1.5.1}% 47
\BOOKMARK [3][-]{subsubsection*.27}{\376\377\000E\000l\000a\000s\000t\000i\000c\000N\000e\000t\000\040\040\024\000\040\000W\000A\000S\000\137\000E\000l\000a\000s\000t\000i\000c\000N\000e\000t\000\137\000M\000o\000d\000e\000l}{subsection.1.5.1}% 48
\BOOKMARK [3][-]{subsubsection*.28}{\376\377\000M\000A\000R\000S\000\040\040\024\000\040\000W\000A\000S\000\137\000M\000A\000R\000S\000\137\000M\000o\000d\000e\000l}{subsection.1.5.1}% 49
\BOOKMARK [3][-]{subsubsection*.29}{\376\377\000P\000r\000o\000b\000a\000b\000i\000l\000i\000s\000t\000i\000c\000\040\000o\000u\000t\000p\000u\000t\000\040\000m\000e\000t\000h\000o\000d\000s}{subsection.1.5.1}% 50
\BOOKMARK [2][-]{subsection.1.5.2}{\376\377\000A\000d\000v\000a\000n\000c\000e\000d\000\040\000M\000a\000c\000h\000i\000n\000e\000-\000L\000e\000a\000r\000n\000i\000n\000g\000\040\000M\000o\000d\000e\000l\000s}{section.1.5}% 51
\BOOKMARK [3][-]{subsubsection*.30}{\376\377\000H\000y\000p\000e\000r\000p\000a\000r\000a\000m\000e\000t\000e\000r\000\040\000o\000p\000t\000i\000m\000i\000s\000a\000t\000i\000o\000n}{subsection.1.5.2}% 52
\BOOKMARK [3][-]{subsubsection*.31}{\376\377\000S\000u\000p\000p\000o\000r\000t\000\040\000V\000e\000c\000t\000o\000r\000\040\000R\000e\000g\000r\000e\000s\000s\000i\000o\000n\000\040\040\024\000\040\000W\000A\000S\000\137\000S\000V\000R}{subsection.1.5.2}% 53
\BOOKMARK [3][-]{subsubsection*.32}{\376\377\000M\000u\000l\000t\000i\000-\000L\000a\000y\000e\000r\000\040\000P\000e\000r\000c\000e\000p\000t\000r\000o\000n\000\040\040\024\000\040\000W\000A\000S\000\137\000M\000L\000P}{subsection.1.5.2}% 54
\BOOKMARK [3][-]{subsubsection*.33}{\376\377\000S\000t\000a\000c\000k\000i\000n\000g\000\040\000E\000n\000s\000e\000m\000b\000l\000e\000\040\040\024\000\040\000W\000A\000S\000\137\000R\000a\000n\000d\000o\000m\000F\000o\000r\000e\000s\000t\000\137\000X\000G\000B\000o\000o\000s\000t\000\137\000S\000t\000a\000c\000k\000i\000n\000g\000\137\000M\000L\000P}{subsection.1.5.2}% 55
\BOOKMARK [2][-]{subsection.1.5.3}{\376\377\000E\000O\000F\000\040\000A\000n\000a\000l\000y\000s\000i\000s\000\040\000a\000n\000d\000\040\000P\000r\000i\000n\000c\000i\000p\000a\000l\000\040\000C\000o\000m\000p\000o\000n\000e\000n\000t\000\040\000R\000e\000g\000r\000e\000s\000s\000i\000o\000n}{section.1.5}% 56
\BOOKMARK [3][-]{subsubsection*.34}{\376\377\000E\000O\000F\000\040\000a\000n\000a\000l\000y\000s\000i\000s\000\040\000\050\000W\000A\000S\000\137\000E\000O\000F\000\051}{subsection.1.5.3}% 57
\BOOKMARK [3][-]{subsubsection*.35}{\376\377\000P\000r\000i\000n\000c\000i\000p\000a\000l\000\040\000C\000o\000m\000p\000o\000n\000e\000n\000t\000\040\000R\000e\000g\000r\000e\000s\000s\000i\000o\000n\000\040\000\050\000W\000A\000S\000\137\000P\000C\000R\000\051}{subsection.1.5.3}% 58
\BOOKMARK [2][-]{subsection.1.5.4}{\376\377\000C\000a\000n\000o\000n\000i\000c\000a\000l\000\040\000C\000o\000r\000r\000e\000l\000a\000t\000i\000o\000n\000\040\000A\000n\000a\000l\000y\000s\000i\000s}{section.1.5}% 59
\BOOKMARK [2][-]{subsection.1.5.5}{\376\377\000A\000n\000a\000l\000o\000g\000\040\000F\000o\000r\000e\000c\000a\000s\000t\000i\000n\000g}{section.1.5}% 60
\BOOKMARK [3][-]{subsubsection*.36}{\376\377\000A\000n\000a\000l\000o\000g\000\040\000s\000e\000l\000e\000c\000t\000i\000o\000n\000\040\000m\000e\000t\000h\000o\000d\000s}{subsection.1.5.5}% 61
\BOOKMARK [2][-]{subsection.1.5.6}{\376\377\000C\000r\000o\000s\000s\000-\000V\000a\000l\000i\000d\000a\000t\000i\000o\000n}{section.1.5}% 62
\BOOKMARK [3][-]{subsubsection*.37}{\376\377\000E\000s\000t\000i\000m\000a\000t\000i\000n\000g\000\040\000f\000o\000r\000e\000c\000a\000s\000t\000\040\000u\000n\000c\000e\000r\000t\000a\000i\000n\000t\000y}{subsection.1.5.6}% 63
\BOOKMARK [1][-]{section.1.6}{\376\377\000V\000e\000r\000i\000f\000i\000c\000a\000t\000i\000o\000n}{chapter.1}% 64
\BOOKMARK [2][-]{subsection.1.6.1}{\376\377\000D\000e\000t\000e\000r\000m\000i\000n\000i\000s\000t\000i\000c\000\040\000M\000e\000t\000r\000i\000c\000s}{section.1.6}% 65
\BOOKMARK [2][-]{subsection.1.6.2}{\376\377\000P\000r\000o\000b\000a\000b\000i\000l\000i\000s\000t\000i\000c\000\040\000M\000e\000t\000r\000i\000c\000s}{section.1.6}% 66
\BOOKMARK [3][-]{subsubsection*.38}{\376\377\000R\000e\000l\000i\000a\000b\000i\000l\000i\000t\000y\000\040\000d\000i\000a\000g\000r\000a\000m\000s\000\040\000a\000n\000d\000\040\000R\000O\000C\000\040\000c\000u\000r\000v\000e\000s}{subsection.1.6.2}% 67
\BOOKMARK [2][-]{subsection.1.6.3}{\376\377\000E\000n\000s\000e\000m\000b\000l\000e\000\040\000M\000e\000t\000r\000i\000c\000s}{section.1.6}% 68
\BOOKMARK [2][-]{subsection.1.6.4}{\376\377\000Y\000e\000a\000r\000-\000b\000y\000-\000Y\000e\000a\000r\000\040\000V\000a\000l\000i\000d\000a\000t\000i\000o\000n}{section.1.6}% 69
\BOOKMARK [2][-]{subsection.1.6.5}{\376\377\000T\000e\000r\000c\000i\000l\000e\000\040\000C\000l\000a\000s\000s\000i\000f\000i\000c\000a\000t\000i\000o\000n\000\040\000U\000t\000i\000l\000i\000t\000i\000e\000s}{section.1.6}% 70
\BOOKMARK [1][-]{section.1.7}{\376\377\000M\000u\000l\000t\000i\000-\000M\000o\000d\000e\000l\000\040\000E\000n\000s\000e\000m\000b\000l\000e\000\040\000M\000e\000t\000h\000o\000d\000s}{chapter.1}% 71
\BOOKMARK [2][-]{subsection.1.7.1}{\376\377\0001\000.\000\040\000D\000a\000t\000a\000\040\000P\000r\000e\000p\000a\000r\000a\000t\000i\000o\000n}{section.1.7}% 72
\BOOKMARK [2][-]{subsection.1.7.2}{\376\377\0002\000.\000\040\000W\000e\000i\000g\000h\000t\000e\000d\000\040\000E\000n\000s\000e\000m\000b\000l\000e\000\040\000A\000v\000e\000r\000a\000g\000i\000n\000g}{section.1.7}% 73
\BOOKMARK [2][-]{subsection.1.7.3}{\376\377\0003\000.\000\040\000M\000i\000n\000\040\000e\000t\000\040\000a\000l\000.\000\040\000\050\0002\0000\0000\0009\000\051\000\040\000P\000r\000o\000b\000a\000b\000i\000l\000i\000s\000t\000i\000c\000\040\000M\000M\000E}{section.1.7}% 74
\BOOKMARK [2][-]{subsection.1.7.4}{\376\377\0004\000.\000\040\000M\000a\000c\000h\000i\000n\000e\000-\000L\000e\000a\000r\000n\000i\000n\000g\000\040\000E\000n\000s\000e\000m\000b\000l\000e\000\040\000M\000e\000t\000h\000o\000d\000s}{section.1.7}% 75
\BOOKMARK [3][-]{subsubsection*.39}{\376\377\000S\000t\000a\000c\000k\000i\000n\000g\000\040\000s\000u\000p\000e\000r\000-\000e\000n\000s\000e\000m\000b\000l\000e\000\040\040\024\000\040\000W\000A\000S\000\137\000m\000m\000e\000\137\000S\000t\000a\000c\000k\000i\000n\000g}{subsection.1.7.4}% 76
\BOOKMARK [3][-]{subsubsection*.40}{\376\377\000I\000n\000d\000i\000v\000i\000d\000u\000a\000l\000\040\000m\000a\000c\000h\000i\000n\000e\000-\000l\000e\000a\000r\000n\000i\000n\000g\000\040\000r\000e\000g\000r\000e\000s\000s\000o\000r\000s}{subsection.1.7.4}% 77
\BOOKMARK [2][-]{subsection.1.7.5}{\376\377\0005\000.\000\040\000C\000a\000l\000i\000b\000r\000a\000t\000i\000o\000n\000\040\000a\000n\000d\000\040\000P\000o\000s\000t\000-\000P\000r\000o\000c\000e\000s\000s\000i\000n\000g}{section.1.7}% 78
\BOOKMARK [3][-]{subsubsection*.41}{\376\377\000N\000o\000n\000-\000H\000o\000m\000o\000g\000e\000n\000e\000o\000u\000s\000\040\000G\000a\000u\000s\000s\000i\000a\000n\000\040\000R\000e\000g\000r\000e\000s\000s\000i\000o\000n\000\040\040\024\000\040\000W\000A\000S\000\137\000m\000m\000e\000\137\000N\000G\000R\000\137\000G\000a\000u\000s\000s\000i\000a\000n}{subsection.1.7.5}% 79
\BOOKMARK [3][-]{subsubsection*.42}{\376\377\000B\000a\000y\000e\000s\000i\000a\000n\000\040\000M\000o\000d\000e\000l\000\040\000A\000v\000e\000r\000a\000g\000i\000n\000g\000\040\040\024\000\040\000W\000A\000S\000\137\000m\000m\000e\000\137\000F\000a\000s\000t\000B\000M\000A\000,\000\040\000W\000A\000S\000\137\000m\000m\000e\000\137\000F\000u\000l\000l\000B\000M\000A}{subsection.1.7.5}% 80
\BOOKMARK [3][-]{subsubsection*.43}{\376\377\000E\000x\000t\000e\000n\000d\000e\000d\000\040\000L\000o\000g\000i\000s\000t\000i\000c\000\040\000R\000e\000g\000r\000e\000s\000s\000i\000o\000n\000\040\040\024\000\040\000W\000A\000S\000\137\000m\000m\000e\000\137\000x\000c\000E\000L\000R\000,\000\040\000W\000A\000S\000\137\000m\000m\000e\000\137\000E\000L\000R}{subsection.1.7.5}% 81
\BOOKMARK [3][-]{subsubsection*.44}{\376\377\000L\000o\000g\000i\000s\000t\000i\000c\000\040\000M\000M\000E\000\040\040\024\000\040\000W\000A\000S\000\137\000m\000m\000e\000\137\000l\000o\000g\000i\000s\000t\000i\000c}{subsection.1.7.5}% 82
\BOOKMARK [3][-]{subsubsection*.45}{\376\377\000M\000e\000a\000n\000\040\000a\000n\000d\000\040\000V\000a\000r\000i\000a\000n\000c\000e\000\040\000A\000d\000j\000u\000s\000t\000m\000e\000n\000t\000\040\040\024\000\040\000W\000A\000S\000\137\000m\000m\000e\000\137\000M\000V\000A}{subsection.1.7.5}% 83
\BOOKMARK [1][-]{section.1.8}{\376\377\000I\000m\000p\000l\000e\000m\000e\000n\000t\000i\000n\000g\000\040\000W\000A\000S\000-\000N\000e\000x\000t\000G\000e\000n\000\040\000A\000p\000p\000r\000o\000a\000c\000h\000e\000s}{chapter.1}% 84
\BOOKMARK [2][-]{subsection.1.8.1}{\376\377\000O\000v\000e\000r\000v\000i\000e\000w\000\040\000o\000f\000\040\000t\000h\000e\000\040\000W\000A\000S\000-\000N\000e\000x\000t\000G\000e\000n\000\040\000p\000i\000p\000e\000l\000i\000n\000e}{section.1.8}% 85
\BOOKMARK [2][-]{subsection.1.8.2}{\376\377\000R\000e\000c\000o\000m\000m\000e\000n\000d\000e\000d\000\040\000m\000o\000d\000e\000l\000\040\000h\000i\000e\000r\000a\000r\000c\000h\000y}{section.1.8}% 86
\BOOKMARK [2][-]{subsection.1.8.3}{\376\377\000R\000u\000n\000n\000i\000n\000g\000\040\000m\000u\000l\000t\000i\000p\000l\000e\000\040\000m\000o\000d\000e\000l\000s\000\040\000a\000n\000d\000\040\000s\000e\000l\000e\000c\000t\000i\000n\000g\000\040\000t\000h\000e\000\040\000b\000e\000s\000t}{section.1.8}% 87
\BOOKMARK [2][-]{subsection.1.8.4}{\376\377\000M\000u\000l\000t\000i\000-\000m\000o\000d\000e\000l\000\040\000e\000n\000s\000e\000m\000b\000l\000e\000\040\000o\000f\000\040\000t\000h\000e\000\040\000b\000e\000s\000t\000\040\000p\000e\000r\000f\000o\000r\000m\000e\000r\000s}{section.1.8}% 88
\BOOKMARK [2][-]{subsection.1.8.5}{\376\377\000O\000p\000e\000r\000a\000t\000i\000o\000n\000a\000l\000\040\000f\000o\000r\000e\000c\000a\000s\000t\000\040\000d\000i\000s\000s\000e\000m\000i\000n\000a\000t\000i\000o\000n}{section.1.8}% 89
\BOOKMARK [2][-]{subsection.1.8.6}{\376\377\000A\000g\000r\000o\000c\000l\000i\000m\000a\000t\000i\000c\000\040\000f\000o\000r\000e\000c\000a\000s\000t\000\040\000p\000r\000o\000d\000u\000c\000t\000s}{section.1.8}% 90
\BOOKMARK [1][-]{section.1.9}{\376\377\000A\000P\000I\000\040\000R\000e\000f\000e\000r\000e\000n\000c\000e}{chapter.1}% 91
\BOOKMARK [2][-]{subsection.1.9.1}{\376\377\000D\000a\000t\000a\000\040\000d\000o\000w\000n\000l\000o\000a\000d}{section.1.9}% 92
\BOOKMARK [3][-]{subsubsection*.46}{\376\377\000C\000l\000a\000s\000s}{subsection.1.9.1}% 93
\BOOKMARK [3][-]{subsubsection*.47}{\376\377\000S\000t\000a\000n\000d\000a\000l\000o\000n\000e\000\040\000f\000u\000n\000c\000t\000i\000o\000n}{subsection.1.9.1}% 94
\BOOKMARK [2][-]{subsection.1.9.2}{\376\377\000U\000t\000i\000l\000i\000t\000i\000e\000s}{section.1.9}% 95
\BOOKMARK [3][-]{subsubsection*.69}{\376\377\000D\000a\000t\000a\000\040\000u\000t\000i\000l\000i\000t\000i\000e\000s}{subsection.1.9.2}% 96
\BOOKMARK [3][-]{subsubsection*.70}{\376\377\000I\000n\000d\000e\000x\000\040\000a\000n\000d\000\040\000p\000r\000e\000d\000i\000c\000t\000o\000r\000\040\000l\000o\000a\000d\000e\000r\000s}{subsection.1.9.2}% 97
\BOOKMARK [3][-]{subsubsection*.71}{\376\377\000N\000e\000t\000w\000o\000r\000k\000\040\000u\000t\000i\000l\000i\000t\000i\000e\000s}{subsection.1.9.2}% 98
\BOOKMARK [3][-]{subsubsection*.72}{\376\377\000G\000e\000o\000\040\000u\000t\000i\000l\000i\000t\000i\000e\000s}{subsection.1.9.2}% 99
\BOOKMARK [3][-]{subsubsection*.73}{\376\377\000V\000i\000s\000u\000a\000l\000i\000s\000a\000t\000i\000o\000n}{subsection.1.9.2}% 100
\BOOKMARK [2][-]{subsection.1.9.3}{\376\377\000D\000a\000t\000a\000\040\000t\000r\000a\000n\000s\000f\000o\000r\000m\000a\000t\000i\000o\000n}{section.1.9}% 101
\BOOKMARK [3][-]{subsubsection*.113}{\376\377\000S\000t\000a\000n\000d\000a\000l\000o\000n\000e\000\040\000f\000u\000n\000c\000t\000i\000o\000n\000s}{subsection.1.9.3}% 102
\BOOKMARK [3][-]{subsubsection*.114}{\376\377\000C\000l\000a\000s\000s}{subsection.1.9.3}% 103
\BOOKMARK [2][-]{subsection.1.9.4}{\376\377\000A\000g\000r\000o\000c\000l\000i\000m\000a\000t\000i\000c\000\040\000p\000r\000e\000d\000i\000c\000t\000a\000n\000d\000\040\000c\000o\000m\000p\000u\000t\000a\000t\000i\000o\000n}{section.1.9}% 104
\BOOKMARK [3][-]{subsubsection*.125}{\376\377\000C\000l\000a\000s\000s\000e\000s}{subsection.1.9.4}% 105
\BOOKMARK [2][-]{subsection.1.9.5}{\376\377\000B\000i\000a\000s\000\040\000c\000o\000r\000r\000e\000c\000t\000i\000o\000n}{section.1.9}% 106
\BOOKMARK [2][-]{subsection.1.9.6}{\376\377\000S\000t\000a\000t\000i\000o\000n\000\040\000\046\000\040\000g\000r\000i\000d\000d\000e\000d\000\040\000m\000e\000r\000g\000i\000n\000g}{section.1.9}% 107
\BOOKMARK [3][-]{subsubsection*.259}{\376\377\000C\000l\000a\000s\000s\000e\000s}{subsection.1.9.6}% 108
\BOOKMARK [2][-]{subsection.1.9.7}{\376\377\000E\000O\000F\000\040\000a\000n\000a\000l\000y\000s\000i\000s}{section.1.9}% 109
\BOOKMARK [3][-]{subsubsection*.288}{\376\377\000C\000l\000a\000s\000s}{subsection.1.9.7}% 110
\BOOKMARK [3][-]{subsubsection*.290}{\376\377\000C\000o\000r\000r\000e\000c\000t\000i\000o\000n\000s\000\040\000r\000e\000l\000a\000t\000i\000v\000e\000\040\000t\000o\000\040\000m\000y\000\040\000p\000r\000e\000v\000i\000o\000u\000s\000\040\000v\000e\000r\000s\000i\000o\000n}{subsection.1.9.7}% 111
\BOOKMARK [2][-]{subsection.1.9.8}{\376\377\000C\000r\000o\000s\000s\000-\000v\000a\000l\000i\000d\000a\000t\000i\000o\000n}{section.1.9}% 112
\BOOKMARK [3][-]{subsubsection*.296}{\376\377\000C\000l\000a\000s\000s\000e\000s}{subsection.1.9.8}% 113
\BOOKMARK [3][-]{subsubsection*.297}{\376\377\000H\000e\000l\000p\000e\000r\000\040\000f\000u\000n\000c\000t\000i\000o\000n\000s}{subsection.1.9.8}% 114
\BOOKMARK [2][-]{subsection.1.9.9}{\376\377\000L\000i\000n\000e\000a\000r\000\040\000m\000o\000d\000e\000l\000s}{section.1.9}% 115
\BOOKMARK [3][-]{subsubsection*.305}{\376\377\000C\000l\000a\000s\000s\000e\000s}{subsection.1.9.9}% 116
\BOOKMARK [2][-]{subsection.1.9.10}{\376\377\000P\000r\000i\000n\000c\000i\000p\000a\000l\000\040\000C\000o\000m\000p\000o\000n\000e\000n\000t\000\040\000R\000e\000g\000r\000e\000s\000s\000i\000o\000n}{section.1.9}% 117
\BOOKMARK [3][-]{subsubsection*.370}{\376\377\000S\000i\000n\000g\000l\000e\000-\000f\000i\000e\000l\000d\000\040\000a\000n\000d\000\040\000m\000u\000l\000t\000i\000v\000a\000r\000i\000a\000t\000e\000\040\000p\000r\000e\000d\000i\000c\000t\000o\000r\000s}{subsection.1.9.10}% 118
\BOOKMARK [2][-]{subsection.1.9.11}{\376\377\000C\000a\000n\000o\000n\000i\000c\000a\000l\000\040\000C\000o\000r\000r\000e\000l\000a\000t\000i\000o\000n\000\040\000A\000n\000a\000l\000y\000s\000i\000s}{section.1.9}% 119
\BOOKMARK [3][-]{subsubsection*.389}{\376\377\000I\000m\000p\000o\000r\000t\000a\000n\000t\000:}{subsection.1.9.11}% 120
\BOOKMARK [2][-]{subsection.1.9.12}{\376\377\000K\000e\000r\000n\000e\000l\000\040\000C\000C\000A\000\040\000v\000a\000r\000i\000a\000n\000t\000s}{section.1.9}% 121
\BOOKMARK [3][-]{subsubsection*.426}{\376\377\000C\000l\000a\000s\000s\000e\000s}{subsection.1.9.12}% 122
\BOOKMARK [2][-]{subsection.1.9.13}{\376\377\000M\000a\000c\000h\000i\000n\000e\000-\000l\000e\000a\000r\000n\000i\000n\000g\000\040\000m\000o\000d\000e\000l\000s}{section.1.9}% 123
\BOOKMARK [3][-]{subsubsection*.456}{\376\377\000C\000l\000a\000s\000s\000e\000s}{subsection.1.9.13}% 124
\BOOKMARK [3][-]{subsubsection*.498}{\376\377\000P\000a\000r\000a\000m\000e\000t\000e\000r\000s\000:}{subsection.1.9.13}% 125
\BOOKMARK [2][-]{subsection.1.9.14}{\376\377\000A\000n\000a\000l\000o\000g\000\040\000f\000o\000r\000e\000c\000a\000s\000t\000i\000n\000g}{section.1.9}% 126
\BOOKMARK [3][-]{subsubsection*.533}{\376\377\000C\000l\000a\000s\000s\000e\000s}{subsection.1.9.14}% 127
\BOOKMARK [2][-]{subsection.1.9.15}{\376\377\000F\000o\000r\000e\000c\000a\000s\000t\000\040\000v\000e\000r\000i\000f\000i\000c\000a\000t\000i\000o\000n}{section.1.9}% 128
\BOOKMARK [3][-]{subsubsection*.583}{\376\377\000C\000l\000a\000s\000s}{subsection.1.9.15}% 129
\BOOKMARK [2][-]{subsection.1.9.16}{\376\377\000M\000u\000l\000t\000i\000-\000m\000o\000d\000e\000l\000\040\000e\000n\000s\000e\000m\000b\000l\000e\000\040\000m\000e\000t\000h\000o\000d\000s}{section.1.9}% 130
\BOOKMARK [3][-]{subsubsection*.629}{\376\377\000K\000e\000y\000\040\000f\000u\000n\000c\000t\000i\000o\000n\000s}{subsection.1.9.16}% 131
\BOOKMARK [3][-]{subsubsection*.630}{\376\377\000K\000e\000y\000\040\000c\000l\000a\000s\000s\000e\000s}{subsection.1.9.16}% 132
\BOOKMARK [3][-]{subsubsection*.646}{\376\377\000W\000h\000a\000t\000\040\000t\000h\000i\000s\000\040\000c\000l\000a\000s\000s\000\040\000d\000o\000e\000s}{subsection.1.9.16}% 133
\BOOKMARK [3][-]{subsubsection*.647}{\376\377\000A\000s\000s\000u\000m\000e\000d\000\040\000d\000i\000m\000s}{subsection.1.9.16}% 134
\BOOKMARK [3][-]{subsubsection*.656}{\376\377\000C\000o\000r\000r\000e\000c\000t\000i\000o\000n\000s\000\040\000r\000e\000l\000a\000t\000i\000v\000e\000\040\000t\000o\000\040\000t\000h\000e\000\040\000p\000r\000e\000v\000i\000o\000u\000s\000\040\000v\000e\000r\000s\000i\000o\000n}{subsection.1.9.16}% 135
\BOOKMARK [3][-]{subsubsection*.657}{\376\377\000R\000e\000c\000o\000m\000m\000e\000n\000d\000e\000d\000\040\000u\000s\000a\000g\000e\000\040\000/\000\040\000f\000r\000a\000m\000e\000w\000o\000r\000k}{subsection.1.9.16}% 136
\BOOKMARK [3][-]{subsubsection*.664}{\376\377\000P\000r\000e\000d\000i\000c\000t\000o\000r\000\040\000a\000t\000\040\000e\000a\000c\000h\000\040\000g\000r\000i\000d\000\040\000c\000e\000l\000l}{subsection.1.9.16}% 137
\BOOKMARK [3][-]{subsubsection*.665}{\376\377\000T\000h\000r\000e\000s\000h\000o\000l\000d\000s}{subsection.1.9.16}% 138
\BOOKMARK [3][-]{subsubsection*.666}{\376\377\000F\000i\000t\000t\000i\000n\000g}{subsection.1.9.16}% 139
\BOOKMARK [4][-]{paragraph*.670}{\376\377\000O\000b\000s\000e\000r\000v\000e\000d\000\040\000t\000r\000u\000t\000h\000\040\000=\000\040\000t\000e\000r\000c\000i\000l\000e\000\040\000C\000L\000A\000S\000S\000E\000S\000\040\000\050\000l\000i\000k\000e\000\040\000t\000h\000e\000\040\000l\000o\000g\000i\000s\000t\000i\000c\000\040\000c\000l\000a\000s\000s\000\051}{subsubsection*.666}% 140
\BOOKMARK [3][-]{subsubsection*.693}{\376\377\000M\000o\000d\000e\000l}{subsection.1.9.16}% 141
\BOOKMARK [3][-]{subsubsection*.721}{\376\377\000S\000u\000p\000p\000o\000r\000t\000e\000d\000\040\000m\000o\000d\000e\000l\000\137\000t\000y\000p\000e\000\040\000v\000a\000l\000u\000e\000s}{subsection.1.9.16}% 142
\BOOKMARK [3][-]{subsubsection*.722}{\376\377\000T\000e\000r\000c\000i\000l\000e\000\040\000t\000h\000r\000e\000s\000h\000o\000l\000d\000s}{subsection.1.9.16}% 143
\BOOKMARK [3][-]{subsubsection*.728}{\376\377\000D\000i\000s\000t\000r\000i\000b\000u\000t\000i\000o\000n\000\040\000f\000a\000m\000i\000l\000i\000e\000s\000\040\000\050\000p\000e\000r\000\040\000g\000r\000i\000d\000p\000o\000i\000n\000t\000,\000\040\000s\000u\000p\000p\000l\000i\000e\000d\000\040\000v\000i\000a\000\040\000d\000i\000s\000t\000\137\000m\000a\000p\000\051}{subsection.1.9.16}% 144
\BOOKMARK [3][-]{subsubsection*.729}{\376\377\000F\000i\000t\000t\000i\000n\000g\000\040\000m\000o\000d\000e\000s}{subsection.1.9.16}% 145
\BOOKMARK [2][-]{subsection.1.9.17}{\376\377\000C\000E\000A\000C\000\040\000a\000g\000r\000o\000c\000l\000i\000m\000a\000t\000i\000c\000\040\000s\000u\000i\000t\000e}{section.1.9}% 146
\BOOKMARK [3][-]{subsubsection*.796}{\376\377\000B\000a\000s\000e\000\040\000c\000l\000a\000s\000s}{subsection.1.9.17}% 147
\BOOKMARK [3][-]{subsubsection*.797}{\376\377\000I\000n\000d\000i\000c\000a\000t\000o\000r\000\040\000c\000l\000a\000s\000s\000e\000s}{subsection.1.9.17}% 148
\BOOKMARK [2][-]{subsection.1.9.18}{\376\377\000S\000e\000a\000s\000o\000n\000a\000l\000\040\000d\000i\000a\000g\000n\000o\000s\000t\000i\000c\000\040\000t\000o\000o\000l\000s}{section.1.9}% 149
\BOOKMARK [0][-]{chapter.2}{\376\377\000I\000n\000d\000i\000c\000e\000s\000\040\000a\000n\000d\000\040\000t\000a\000b\000l\000e\000s}{}% 150
\BOOKMARK [0][-]{section*.846}{\376\377\000P\000y\000t\000h\000o\000n\000\040\000M\000o\000d\000u\000l\000e\000\040\000I\000n\000d\000e\000x}{}% 151
\BOOKMARK [0][-]{section*.847}{\376\377\000I\000n\000d\000e\000x}{}% 152
